<?xml version="1.0" encoding="UTF-8"?>
<!-- Generated by org.testng.reporters.JUnitReportReporter -->
<testsuite hostname="DESKTOP-S3OKLNV" failures="0" tests="2" name="Random" time="10.620" errors="0" timestamp="2023-05-04T20:14:20 BDT" skipped="0">
  <testcase classname="Random" name="demo" time="5.777"/>
  <system-out/>
  <testcase classname="Random" name="demo2" time="4.843"/>
  <system-out/>
</testsuite> <!-- Random -->
