<?xml version="1.0" encoding="UTF-8"?>
<!-- Generated by org.testng.reporters.JUnitReportReporter -->
<testsuite hostname="DESKTOP-S3OKLNV" failures="0" tests="2" name="israt.tests.SubmitOrderTest" time="89.497" errors="0" timestamp="2023-05-08T05:01:28 BDT" skipped="0">
  <testcase classname="israt.tests.SubmitOrderTest" name="submitOrder" time="45.295"/>
  <system-out/>
  <testcase classname="israt.tests.SubmitOrderTest" name="submitOrder" time="44.202"/>
  <system-out/>
</testsuite> <!-- israt.tests.SubmitOrderTest -->
